<?xml version="1.0" encoding="UTF-8"?>
<testng-results skipped="0" failed="0" total="1" passed="1">
  <reporter-output>
  </reporter-output>
  <suite name="Suite" duration-ms="12" started-at="2019-01-27T11:14:20Z" finished-at="2019-01-27T11:14:20Z">
    <groups>
    </groups>
    <test name="Test" duration-ms="12" started-at="2019-01-27T11:14:20Z" finished-at="2019-01-27T11:14:20Z">
      <class name="maventest.test">
        <test-method status="PASS" signature="m1()[pri:0, instance:maventest.test@5315b42e]" name="m1" duration-ms="5" started-at="2019-01-27T16:44:20Z" finished-at="2019-01-27T16:44:20Z">
          <reporter-output>
          </reporter-output>
        </test-method> <!-- m1 -->
      </class> <!-- maventest.test -->
    </test> <!-- Test -->
  </suite> <!-- Suite -->
</testng-results>
